<?xml version="1.0" encoding="UTF-8"?>
<testng-results skipped="0" failed="0" ignored="0" total="1" passed="1">
  <reporter-output>
  </reporter-output>
  <suite name="Default suite" duration-ms="5985" started-at="2019-12-11T22:47:51 IST" finished-at="2019-12-11T22:47:57 IST">
    <groups>
    </groups>
    <test name="Default test" duration-ms="5985" started-at="2019-12-11T22:47:51 IST" finished-at="2019-12-11T22:47:57 IST">
      <class name="com.qa.rest.tests.GetBDD">
        <test-method status="PASS" signature="testCircuits()[pri:0, instance:com.qa.rest.tests.GetBDD@eec5a4a]" name="testCircuits" duration-ms="5894" started-at="2019-12-11T22:47:51 IST" finished-at="2019-12-11T22:47:57 IST">
          <reporter-output>
          </reporter-output>
        </test-method> <!-- testCircuits -->
      </class> <!-- com.qa.rest.tests.GetBDD -->
    </test> <!-- Default test -->
  </suite> <!-- Default suite -->
</testng-results>
